0 verbose cli [
0 verbose cli   'C:\\Program Files\\nodejs\\node.exe',
0 verbose cli   'C:\\Users\\moukm\\AppData\\Roaming\\npm\\node_modules\\npm\\bin\\npm-cli.js',
0 verbose cli   'install'
0 verbose cli ]
1 info using npm@8.5.0
2 info using node@v16.13.0
3 timing npm:load:whichnode Completed in 0ms
4 timing config:load:defaults Completed in 5ms
5 timing config:load:file:C:\Users\moukm\AppData\Roaming\npm\node_modules\npm\npmrc Completed in 4ms
6 timing config:load:builtin Completed in 4ms
7 timing config:load:cli Completed in 2ms
8 timing config:load:env Completed in 1ms
9 timing config:load:file:D:\test\metronic\metronic_v7.1.5\theme\angular\demo1\.npmrc Completed in 0ms
10 timing config:load:project Completed in 5ms
11 timing config:load:file:C:\Users\moukm\.npmrc Completed in 0ms
12 timing config:load:user Completed in 0ms
13 timing config:load:file:C:\Users\moukm\AppData\Roaming\npm\etc\npmrc Completed in 1ms
14 timing config:load:global Completed in 1ms
15 timing config:load:validate Completed in 0ms
16 timing config:load:credentials Completed in 1ms
17 timing config:load:setEnvs Completed in 2ms
18 timing config:load Completed in 22ms
19 timing npm:load:configload Completed in 22ms
20 timing npm:load:setTitle Completed in 0ms
21 timing config:load:flatten Completed in 6ms
22 timing npm:load:display Completed in 9ms
23 verbose logfile C:\Users\moukm\AppData\Local\npm-cache\_logs\2022-02-15T15_49_11_849Z-debug-0.log
24 timing npm:load:logFile Completed in 9ms
25 timing npm:load:timers Completed in 0ms
26 timing npm:load:configScope Completed in 0ms
27 timing npm:load Completed in 44ms
28 timing arborist:ctor Completed in 1ms
29 silly logfile start cleaning logs, removing 1 files
30 timing arborist:ctor Completed in 1ms
31 timing idealTree:init Completed in 103ms
32 timing idealTree:userRequests Completed in 1ms
33 silly idealTree buildDeps
34 silly fetch manifest @angular/animations@~10.1.6
35 http fetch GET 200 https://registry.npmjs.org/@angular%2fanimations 318ms (cache revalidated)
36 silly fetch manifest @angular/core@~10.1.6
37 http fetch GET 200 https://registry.npmjs.org/@angular%2fcore 74ms (cache revalidated)
38 silly fetch manifest rxjs@~6.5.5
39 http fetch GET 200 https://registry.npmjs.org/rxjs 72ms (cache revalidated)
40 silly fetch manifest zone.js@~0.10.3
41 http fetch GET 200 https://registry.npmjs.org/zone.js 55ms (cache revalidated)
42 silly fetch manifest @angular/cdk@^10.2.5
43 http fetch GET 200 https://registry.npmjs.org/@angular%2fcdk 105ms (cache revalidated)
44 silly fetch manifest @angular/common@~10.1.6
45 http fetch GET 200 https://registry.npmjs.org/@angular%2fcommon 85ms (cache revalidated)
46 silly fetch manifest @angular/compiler@~10.1.6
47 http fetch GET 200 https://registry.npmjs.org/@angular%2fcompiler 72ms (cache revalidated)
48 silly fetch manifest @angular/forms@~10.1.6
49 http fetch GET 200 https://registry.npmjs.org/@angular%2fforms 81ms (cache revalidated)
50 silly fetch manifest @angular/platform-browser@~10.1.6
51 http fetch GET 200 https://registry.npmjs.org/@angular%2fplatform-browser 100ms (cache revalidated)
52 silly fetch manifest @angular/localize@~10.1.6
53 http fetch GET 200 https://registry.npmjs.org/@angular%2flocalize 82ms (cache revalidated)
54 silly fetch manifest @angular/compiler-cli@~10.1.6
55 http fetch GET 200 https://registry.npmjs.org/@angular%2fcompiler-cli 67ms (cache revalidated)
56 silly fetch manifest typescript@~3.9.5
57 http fetch GET 200 https://registry.npmjs.org/typescript 84ms (cache revalidated)
58 silly fetch manifest @angular/material@^10.2.5
59 http fetch GET 200 https://registry.npmjs.org/@angular%2fmaterial 803ms (cache revalidated)
60 silly fetch manifest @angular/material-moment-adapter@^10.2.5
61 http fetch GET 200 https://registry.npmjs.org/@angular%2fmaterial-moment-adapter 72ms (cache revalidated)
62 silly fetch manifest moment@^2.27.0
63 http fetch GET 200 https://registry.npmjs.org/moment 80ms (cache revalidated)
64 silly fetch manifest @angular/platform-browser-dynamic@~10.1.6
65 http fetch GET 200 https://registry.npmjs.org/@angular%2fplatform-browser-dynamic 75ms (cache revalidated)
66 silly fetch manifest @angular/router@~10.1.6
67 http fetch GET 200 https://registry.npmjs.org/@angular%2frouter 65ms (cache revalidated)
68 silly fetch manifest @fortawesome/fontawesome-free@^5.14.0
69 http fetch GET 200 https://registry.npmjs.org/@fortawesome%2ffontawesome-free 87ms (cache revalidated)
70 silly fetch manifest @ng-bootstrap/ng-bootstrap@^7.0.0
71 http fetch GET 200 https://registry.npmjs.org/@ng-bootstrap%2fng-bootstrap 93ms (cache revalidated)
72 silly fetch manifest @ngx-translate/core@^13.0.0
73 http fetch GET 200 https://registry.npmjs.org/@ngx-translate%2fcore 1477ms (cache revalidated)
74 silly fetch manifest angular-in-memory-web-api@^0.11.0
75 http fetch GET 200 https://registry.npmjs.org/angular-in-memory-web-api 57ms (cache revalidated)
76 silly fetch manifest apexcharts@^3.20.0
77 http fetch GET 200 https://registry.npmjs.org/apexcharts 771ms (cache revalidated)
78 silly fetch manifest bootstrap@^4.5.0
79 http fetch GET 200 https://registry.npmjs.org/bootstrap 89ms (cache revalidated)
80 silly fetch manifest jquery@1.9.1 - 3
81 http fetch GET 200 https://registry.npmjs.org/jquery 56ms (cache revalidated)
82 silly fetch manifest popper.js@^1.16.1
83 http fetch GET 200 https://registry.npmjs.org/popper.js 70ms (cache revalidated)
84 silly fetch manifest clipboard@^2.0.6
85 http fetch GET 200 https://registry.npmjs.org/clipboard 76ms (cache revalidated)
86 silly fetch manifest highlight.js@^9.17.1
87 http fetch GET 200 https://registry.npmjs.org/highlight.js 89ms (cache revalidated)
88 silly fetch manifest ng-apexcharts@^1.5.1
89 http fetch GET 200 https://registry.npmjs.org/ng-apexcharts 71ms (cache revalidated)
90 silly fetch manifest @angular/common@>=13.0.0
91 timing idealTree Completed in 5746ms
92 timing command:install Completed in 5782ms
93 verbose stack Error: unable to resolve dependency tree
93 verbose stack     at Arborist.[failPeerConflict] (C:\Users\moukm\AppData\Roaming\npm\node_modules\npm\node_modules\@npmcli\arborist\lib\arborist\build-ideal-tree.js:1399:25)
93 verbose stack     at Arborist.[loadPeerSet] (C:\Users\moukm\AppData\Roaming\npm\node_modules\npm\node_modules\@npmcli\arborist\lib\arborist\build-ideal-tree.js:1365:34)
93 verbose stack     at async Arborist.[buildDepStep] (C:\Users\moukm\AppData\Roaming\npm\node_modules\npm\node_modules\@npmcli\arborist\lib\arborist\build-ideal-tree.js:951:11)
93 verbose stack     at async Arborist.buildIdealTree (C:\Users\moukm\AppData\Roaming\npm\node_modules\npm\node_modules\@npmcli\arborist\lib\arborist\build-ideal-tree.js:215:7)
93 verbose stack     at async Promise.all (index 1)
93 verbose stack     at async Arborist.reify (C:\Users\moukm\AppData\Roaming\npm\node_modules\npm\node_modules\@npmcli\arborist\lib\arborist\reify.js:152:5)
93 verbose stack     at async Install.exec (C:\Users\moukm\AppData\Roaming\npm\node_modules\npm\lib\commands\install.js:157:5)
93 verbose stack     at async module.exports (C:\Users\moukm\AppData\Roaming\npm\node_modules\npm\lib\cli.js:66:5)
94 verbose cwd D:\test\metronic\metronic_v7.1.5\theme\angular\demo1
95 verbose Windows_NT 10.0.19042
96 verbose argv "C:\\Program Files\\nodejs\\node.exe" "C:\\Users\\moukm\\AppData\\Roaming\\npm\\node_modules\\npm\\bin\\npm-cli.js" "install"
97 verbose node v16.13.0
98 verbose npm  v8.5.0
99 error code ERESOLVE
100 error ERESOLVE unable to resolve dependency tree
101 error
102 error While resolving: [1mmetronic-angular-demo1[22m@[1m7.1.3[22m
102 error Found: [1m@angular/common[22m@[1m10.1.6[22m[2m[22m
102 error [2mnode_modules/@angular/common[22m
102 error   [1m@angular/common[22m@"[1m~10.1.6[22m" from the root project
102 error
102 error Could not resolve dependency:
102 error [35mpeer[39m [1m@angular/common[22m@"[1m>=13.0.0[22m" from [1mng-apexcharts[22m@[1m1.7.0[22m[2m[22m
102 error [2mnode_modules/ng-apexcharts[22m
102 error   [1mng-apexcharts[22m@"[1m^1.5.1[22m" from the root project
102 error
102 error Fix the upstream dependency conflict, or retry
102 error this command with --force, or --legacy-peer-deps
102 error to accept an incorrect (and potentially broken) dependency resolution.
102 error
102 error See C:\Users\moukm\AppData\Local\npm-cache\eresolve-report.txt for a full report.
103 verbose exit 1
104 timing npm Completed in 6814ms
105 verbose unfinished npm timer reify 1644940152813
106 verbose unfinished npm timer reify:loadTrees 1644940152843
107 verbose unfinished npm timer idealTree:buildDeps 1644940152948
108 verbose unfinished npm timer idealTree:#root 1644940152949
109 verbose code 1
110 error A complete log of this run can be found in:
110 error     C:\Users\moukm\AppData\Local\npm-cache\_logs\2022-02-15T15_49_11_849Z-debug-0.log
