0 verbose cli [
0 verbose cli   'C:\\Program Files\\nodejs\\node.exe',
0 verbose cli   'C:\\Users\\moukm\\AppData\\Roaming\\npm\\node_modules\\npm\\bin\\npm-cli.js',
0 verbose cli   'install',
0 verbose cli   '-g',
0 verbose cli   'n'
0 verbose cli ]
1 info using npm@8.5.0
2 info using node@v16.13.0
3 timing npm:load:whichnode Completed in 0ms
4 timing config:load:defaults Completed in 5ms
5 timing config:load:file:C:\Users\moukm\AppData\Roaming\npm\node_modules\npm\npmrc Completed in 4ms
6 timing config:load:builtin Completed in 6ms
7 timing config:load:cli Completed in 3ms
8 timing config:load:env Completed in 1ms
9 timing config:load:project Completed in 4ms
10 timing config:load:file:C:\Users\moukm\.npmrc Completed in 1ms
11 timing config:load:user Completed in 1ms
12 timing config:load:file:C:\Users\moukm\AppData\Roaming\npm\etc\npmrc Completed in 1ms
13 timing config:load:global Completed in 1ms
14 timing config:load:validate Completed in 0ms
15 timing config:load:credentials Completed in 2ms
16 timing config:load:setEnvs Completed in 1ms
17 timing config:load Completed in 24ms
18 timing npm:load:configload Completed in 25ms
19 timing npm:load:setTitle Completed in 1ms
20 timing config:load:flatten Completed in 5ms
21 timing npm:load:display Completed in 8ms
22 verbose logfile C:\Users\moukm\AppData\Local\npm-cache\_logs\2022-02-15T16_05_00_493Z-debug-0.log
23 timing npm:load:logFile Completed in 13ms
24 timing npm:load:timers Completed in 1ms
25 timing npm:load:configScope Completed in 0ms
26 timing npm:load Completed in 49ms
27 timing arborist:ctor Completed in 1ms
28 silly logfile start cleaning logs, removing 1 files
29 timing idealTree:init Completed in 10ms
30 timing idealTree:userRequests Completed in 4ms
31 silly idealTree buildDeps
32 silly fetch manifest n@*
33 http fetch GET 200 https://registry.npmjs.org/n 388ms (cache miss)
34 silly placeDep ROOT n@8.0.2 OK for:  want: *
35 timing idealTree:#root Completed in 405ms
36 timing idealTree:node_modules/n Completed in 0ms
37 timing idealTree:buildDeps Completed in 407ms
38 timing idealTree:fixDepFlags Completed in 1ms
39 timing idealTree Completed in 425ms
40 timing command:install Completed in 458ms
41 verbose stack Error: Unsupported platform
41 verbose stack     at checkPlatform (C:\Users\moukm\AppData\Roaming\npm\node_modules\npm\node_modules\npm-install-checks\index.js:35:25)
41 verbose stack     at Arborist.[checkPlatform] (C:\Users\moukm\AppData\Roaming\npm\node_modules\npm\node_modules\@npmcli\arborist\lib\arborist\build-ideal-tree.js:237:5)
41 verbose stack     at Arborist.[checkEngineAndPlatform] (C:\Users\moukm\AppData\Roaming\npm\node_modules\npm\node_modules\@npmcli\arborist\lib\arborist\build-ideal-tree.js:231:29)
41 verbose stack     at Arborist.buildIdealTree (C:\Users\moukm\AppData\Roaming\npm\node_modules\npm\node_modules\@npmcli\arborist\lib\arborist\build-ideal-tree.js:218:42)
41 verbose stack     at async Arborist.reify (C:\Users\moukm\AppData\Roaming\npm\node_modules\npm\node_modules\@npmcli\arborist\lib\arborist\reify.js:152:5)
41 verbose stack     at async Install.exec (C:\Users\moukm\AppData\Roaming\npm\node_modules\npm\lib\commands\install.js:157:5)
41 verbose stack     at async module.exports (C:\Users\moukm\AppData\Roaming\npm\node_modules\npm\lib\cli.js:66:5)
42 verbose pkgid n@8.0.2
43 verbose cwd D:\test\metronic\metronic_v7.1.5\theme\angular\demo1
44 verbose Windows_NT 10.0.19042
45 verbose argv "C:\\Program Files\\nodejs\\node.exe" "C:\\Users\\moukm\\AppData\\Roaming\\npm\\node_modules\\npm\\bin\\npm-cli.js" "install" "-g" "n"
46 verbose node v16.13.0
47 verbose npm  v8.5.0
48 error code EBADPLATFORM
49 error notsup Unsupported platform for n@8.0.2: wanted {"os":"!win32"} (current: {"os":"win32","arch":"x64"})
50 error notsup Valid OS:    !win32
50 error notsup Valid Arch:  undefined
50 error notsup Actual OS:   win32
50 error notsup Actual Arch: x64
51 verbose exit 1
52 timing npm Completed in 1325ms
53 verbose unfinished npm timer reify 1644941101353
54 verbose unfinished npm timer reify:loadTrees 1644941101380
55 verbose code 1
56 error A complete log of this run can be found in:
56 error     C:\Users\moukm\AppData\Local\npm-cache\_logs\2022-02-15T16_05_00_493Z-debug-0.log
